9:16:52 PM [express] serving on port 5001
node.exe : 
Browserslist: 
browsers data 
(caniuse-lite) is 14 
months old. Please 
run:
At C:\Program Files\n
odejs\npx.ps1:29 
char:3
+   & $NODE_EXE 
$NPX_CLI_JS $args
+   ~~~~~~~~~~~~~~~~~
~~~~~~~~~~~~
    + CategoryInfo   
           : 
NotSpecified: (B    
rowserslist: b...ld. 
    Please 
run::String) [    ], 
RemoteException
    + 
FullyQualifiedError  
  Id : 
NativeCommandErr    
or
 
  npx update-browsers
list-db@latest
  Why you should do 
it regularly: https:/
/github.com/browsersl
ist/update-db#readme
9:18:35 PM [express] GET /api/user 401 in 4ms
9:18:45 PM [express] POST /api/logout 200 in 6ms
9:22:09 PM [express] GET /api/user 401 in 2ms
9:22:09 PM [express] GET /api/user 401 in 1ms
9:22:24 PM [express] POST /api/login 401 in 3ms
9:27:59 PM [express] POST /api/register 201 in 156ms :: {"username":"admin","password":"3f95e6d8e55eΓÇª
9:27:59 PM [express] GET /api/progress 200 in 19ms :: [{"month":"Jul","contestsAttended":3,"problemsΓÇª
9:27:59 PM [express] GET /api/stats 200 in 20ms :: {"activeContests":0,"participants":0,"problemsSolΓÇª
Error fetching from 
Kontests API: 
AxiosError 
[AggregateError]
    at 
AxiosError.from (file
:///D:/projectoff/pro
jectf1/ContestReminde
r-11-1/ContestReminde
r-11-1/node_modules/a
xios/lib/core/AxiosEr
ror.js:92:14)
    at RedirectableRe
quest.handleRequestEr
ror (file:///D:/proje
ctoff/projectf1/Conte
stReminder-11-1/Conte
stReminder-11-1/node_
modules/axios/lib/ada
pters/http.js:620:25)
    at RedirectableRe
quest.emit 
(node:events:530:35)
    at eventHandlers.
<computed> (D:\projec
toff\projectf1\Contes
tReminder-11-1\Contes
tReminder-11-1\node_m
odules\follow-redirec
ts\index.js:49:24)
    at 
ClientRequest.emit 
(node:events:518:28)
    at 
emitErrorEvent (node:
_http_client:104:11)
    at TLSSocket.sock
etErrorListener (node
:_http_client:518:5)
    at 
TLSSocket.emit 
(node:events:518:28)
    at emitErrorNT (n
ode:internal/streams/
destroy:170:8)
    at 
emitErrorCloseNT (nod
e:internal/streams/de
stroy:129:3)
    at process.proces
sTicksAndRejections (
node:internal/process
/task_queues:90:21)
    at Axios.request 
(file:///D:/projectof
f/projectf1/ContestRe
minder-11-1/ContestRe
minder-11-1/node_modu
les/axios/lib/core/Ax
ios.js:45:41)
    at process.proces
sTicksAndRejections (
node:internal/process
/task_queues:105:5)
    at async Function
.getAllContests (D:\p
rojectoff\projectf1\C
ontestReminder-11-1\C
ontestReminder-11-1\s
erver\contest-apis.ts
:70:24)
    at async 
Promise.allSettled 
(index 1)
    at async Function
.fetchAllContests (D:
\projectoff\projectf1
\ContestReminder-11-1
\ContestReminder-11-1
\server\contest-apis.
ts:127:54)
    at async 
<anonymous> (D:\proje
ctoff\projectf1\Conte
stReminder-11-1\Conte
stReminder-11-1\serve
r\routes.ts:158:20) {
  code: 'ETIMEDOUT',
  errors: [
    Error: connect 
ETIMEDOUT 64:ff9b::9a
d1:731a:443
        at createConn
ectionError 
(node:net:1678:14)
        at Timeout.in
ternalConnectMultiple
Timeout 
(node:net:1737:38)
        at 
listOnTimeout (node:i
nternal/timers:590:11
)
        at process.pr
ocessTimers (node:int
ernal/timers:523:7) {
      errno: -4039,
      code: 
'ETIMEDOUT',
      syscall: 
'connect',
      address: 
'64:ff9b::9ad1:731a',
      port: 443
    },
    Error: connect 
ECONNREFUSED 
154.209.115.26:443
        at createConn
ectionError 
(node:net:1678:14)
        at 
afterConnectMultiple 
(node:net:1708:16) {
      errno: -4078,
      code: 
'ECONNREFUSED',
      syscall: 
'connect',
      address: 
'154.209.115.26',
      port: 443
    }
  ],
  config: {
    transitional: {
      
silentJSONParsing: 
true,
      
forcedJSONParsing: 
true,
      
clarifyTimeoutError: 
false
    },
    adapter: [ 
'xhr', 'http', 
'fetch' ],
    
transformRequest: [ 
[Function: 
transformRequest] ],
    
transformResponse: [ 
[Function: 
transformResponse] ],
    timeout: 15000,
    xsrfCookieName: 
'XSRF-TOKEN',
    xsrfHeaderName: 
'X-XSRF-TOKEN',
    
maxContentLength: -1,
    maxBodyLength: 
-1,
    env: { FormData: 
[Function 
[FormData]], Blob: 
[class Blob] },
    validateStatus: 
[Function: 
validateStatus],
    headers: Object 
[AxiosHeaders] {
      Accept: 
'application/json, 
text/plain, */*',
      
'Content-Type': 
undefined,
      'User-Agent': 
'CodeArena Contest 
Tracker',
      
'Accept-Encoding': 
'gzip, compress, 
deflate, br'
    },
    method: 'get',
    url: 'https://www
.kontests.net/api/v1/
all',
    
allowAbsoluteUrls: 
true,
    data: undefined
  },
  request: <ref *1> 
Writable {
    _events: {
      close: 
undefined,
      error: 
[Function: 
handleRequestError],
      prefinish: 
undefined,
      finish: 
undefined,
      drain: 
undefined,
      response: 
[Function: 
handleResponse],
      socket: 
[Array],
      timeout: 
undefined,
      abort: 
undefined
    },
    _writableState: 
WritableState {
      highWaterMark: 
16384,
      length: 0,
      corked: 0,
      onwrite: 
[Function: bound 
onwrite],
      writelen: 0,
      bufferedIndex: 
0,
      pendingcb: 0,
      
[Symbol(kState)]: 
17580812,
      [Symbol(kBuffer
edValue)]: null
    },
    _maxListeners: 
undefined,
    _options: {
      maxRedirects: 
21,
      maxBodyLength: 
Infinity,
      protocol: 
'https:',
      path: 
'/api/v1/all',
      method: 'GET',
      headers: 
[Object: null 
prototype],
      agents: 
[Object],
      auth: 
undefined,
      family: 
undefined,
      
beforeRedirect: 
[Function: dispatchBe
foreRedirect],
      
beforeRedirects: 
[Object],
      hostname: 
'www.kontests.net',
      port: '',
      agent: 
undefined,
      
nativeProtocols: 
[Object],
      pathname: 
'/api/v1/all'
    },
    _ended: true,
    _ending: true,
    _redirectCount: 
0,
    _redirects: [],
    
_requestBodyLength: 
0,
    
_requestBodyBuffers: 
[],
    _eventsCount: 3,
    
_onNativeResponse: 
[Function 
(anonymous)],
    _currentRequest: 
ClientRequest {
      _events: 
[Object: null 
prototype],
      _eventsCount: 
7,
      _maxListeners: 
undefined,
      outputData: [],
      outputSize: 0,
      writable: true,
      destroyed: 
false,
      _last: true,
      
chunkedEncoding: 
false,
      
shouldKeepAlive: 
true,
      maxRequestsOnCo
nnectionReached: 
false,
      
_defaultKeepAlive: 
true,
      useChunkedEncod
ingByDefault: false,
      sendDate: 
false,
      
_removedConnection: 
false,
      
_removedContLen: 
false,
      _removedTE: 
false,
      
strictContentLength: 
false,
      
_contentLength: 0,
      _hasBody: true,
      _trailer: '',
      finished: true,
      _headerSent: 
true,
      _closed: false,
      _header: 'GET 
/api/v1/all 
HTTP/1.1\r\n' +
        'Accept: 
application/json, 
text/plain, */*\r\n' 
+
        'User-Agent: 
CodeArena Contest 
Tracker\r\n' +
        
'Accept-Encoding: 
gzip, compress, 
deflate, br\r\n' +
9:28:13 PM [express] GET /api/external-contests 200 in 13532ms :: [{"id":"2181","name":"2025-2026 ICΓÇª
        'Host: www.ko
ntests.net\r\n' +
        'Connection: 
keep-alive\r\n' +
        '\r\n',
      
_keepAliveTimeout: 0,
      
_onPendingData: 
[Function: nop],
      agent: [Agent],
      socketPath: 
undefined,
      method: 'GET',
      maxHeaderSize: 
undefined,
      
insecureHTTPParser: 
undefined,
      joinDuplicateHe
aders: undefined,
      path: 
'/api/v1/all',
      _ended: false,
      res: null,
      aborted: false,
      timeoutCb: 
[Function: 
emitRequestTimeout],
      
upgradeOrConnect: 
false,
      parser: null,
      
maxHeadersCount: 
null,
      reusedSocket: 
false,
      host: 
'www.kontests.net',
      protocol: 
'https:',
      _redirectable: 
[Circular *1],
      
[Symbol(shapeMode)]: 
false,
      
[Symbol(kCapture)]: 
false,
      [Symbol(kBytesW
ritten)]: 0,
      [Symbol(kNeedDr
ain)]: false,
      
[Symbol(corked)]: 0,
      [Symbol(kChunke
dBuffer)]: [],
      [Symbol(kChunke
dLength)]: 0,
      
[Symbol(kSocket)]: 
[TLSSocket],
      [Symbol(kOutHea
ders)]: [Object: 
null prototype],
      
[Symbol(errored)]: 
null,
      [Symbol(kHighWa
terMark)]: 16384,
      [Symbol(kReject
NonStandardBodyWrites
)]: false,
      [Symbol(kUnique
Headers)]: null
    },
    _currentUrl: 'htt
ps://www.kontests.net
/api/v1/all',
    _timeout: null,
    
[Symbol(shapeMode)]: 
true,
    
[Symbol(kCapture)]: 
false
  },
  cause: 
AggregateError 
[ETIMEDOUT]: 
      at internalConn
ectMultiple 
(node:net:1134:18)
      at 
afterConnectMultiple 
(node:net:1715:7) {
    code: 
'ETIMEDOUT',
    [errors]: [ 
[Error], [Error] ]
  }
}
Kontests API Error: 
{ status: undefined, 
statusText: 
undefined, data: 
undefined }
9:31:37 PM [express] POST /api/login 200 in 133ms :: {"username":"admin","password":"3f95e6d8e55e582ΓÇª
9:31:37 PM [express] GET /api/progress 200 in 6ms :: [{"month":"Jul","contestsAttended":5,"problemsSΓÇª
9:31:37 PM [express] GET /api/stats 200 in 23ms :: {"activeContests":0,"participants":0,"problemsSolΓÇª
Error fetching from 
Kontests API: 
AxiosError 
[AggregateError]
    at 
AxiosError.from (file
:///D:/projectoff/pro
jectf1/ContestReminde
r-11-1/ContestReminde
r-11-1/node_modules/a
xios/lib/core/AxiosEr
ror.js:92:14)
    at RedirectableRe
quest.handleRequestEr
ror (file:///D:/proje
ctoff/projectf1/Conte
stReminder-11-1/Conte
stReminder-11-1/node_
modules/axios/lib/ada
pters/http.js:620:25)
    at RedirectableRe
quest.emit 
(node:events:530:35)
    at eventHandlers.
<computed> (D:\projec
toff\projectf1\Contes
tReminder-11-1\Contes
tReminder-11-1\node_m
odules\follow-redirec
ts\index.js:49:24)
    at 
ClientRequest.emit 
(node:events:518:28)
    at 
emitErrorEvent (node:
_http_client:104:11)
    at TLSSocket.sock
etErrorListener (node
:_http_client:518:5)
    at 
TLSSocket.emit 
(node:events:518:28)
    at emitErrorNT (n
ode:internal/streams/
destroy:170:8)
    at 
emitErrorCloseNT (nod
e:internal/streams/de
stroy:129:3)
    at process.proces
sTicksAndRejections (
node:internal/process
/task_queues:90:21)
    at Axios.request 
(file:///D:/projectof
f/projectf1/ContestRe
minder-11-1/ContestRe
minder-11-1/node_modu
les/axios/lib/core/Ax
ios.js:45:41)
    at process.proces
sTicksAndRejections (
node:internal/process
/task_queues:105:5)
    at async Function
.getAllContests (D:\p
rojectoff\projectf1\C
ontestReminder-11-1\C
ontestReminder-11-1\s
erver\contest-apis.ts
:70:24)
    at async 
Promise.allSettled 
(index 1)
    at async Function
.fetchAllContests (D:
\projectoff\projectf1
\ContestReminder-11-1
\ContestReminder-11-1
\server\contest-apis.
ts:127:54)
    at async 
<anonymous> (D:\proje
ctoff\projectf1\Conte
stReminder-11-1\Conte
stReminder-11-1\serve
r\routes.ts:158:20) {
  code: 'ETIMEDOUT',
  errors: [
    Error: connect 
ETIMEDOUT 64:ff9b::9a
d1:731a:443
        at createConn
ectionError 
(node:net:1678:14)
        at Timeout.in
ternalConnectMultiple
Timeout 
(node:net:1737:38)
        at 
listOnTimeout (node:i
nternal/timers:590:11
)
        at process.pr
ocessTimers (node:int
ernal/timers:523:7) {
      errno: -4039,
      code: 
'ETIMEDOUT',
      syscall: 
'connect',
      address: 
'64:ff9b::9ad1:731a',
      port: 443
    },
    Error: connect 
ETIMEDOUT 
154.209.115.26:443
        at createConn
ectionError 
(node:net:1678:14)
        at 
afterConnectMultiple 
(node:net:1708:16) {
      errno: -4039,
      code: 
'ETIMEDOUT',
      syscall: 
'connect',
      address: 
'154.209.115.26',
      port: 443
    }
  ],
  config: {
    transitional: {
      
silentJSONParsing: 
true,
      
forcedJSONParsing: 
true,
      
clarifyTimeoutError: 
false
    },
    adapter: [ 
'xhr', 'http', 
'fetch' ],
    
transformRequest: [ 
[Function: 
transformRequest] ],
    
transformResponse: [ 
[Function: 
transformResponse] ],
    timeout: 15000,
    xsrfCookieName: 
'XSRF-TOKEN',
    xsrfHeaderName: 
'X-XSRF-TOKEN',
    
maxContentLength: -1,
    maxBodyLength: 
-1,
    env: { FormData: 
[Function 
[FormData]], Blob: 
[class Blob] },
    validateStatus: 
[Function: 
validateStatus],
    headers: Object 
[AxiosHeaders] {
      Accept: 
'application/json, 
text/plain, */*',
      
'Content-Type': 
undefined,
      'User-Agent': 
'CodeArena Contest 
Tracker',
      
'Accept-Encoding': 
'gzip, compress, 
deflate, br'
    },
    method: 'get',
    url: 'https://www
.kontests.net/api/v1/
all',
    
allowAbsoluteUrls: 
true,
    data: undefined
  },
  request: <ref *1> 
Writable {
    _events: {
      close: 
undefined,
      error: 
[Function: 
handleRequestError],
      prefinish: 
undefined,
      finish: 
undefined,
      drain: 
undefined,
      response: 
[Function: 
handleResponse],
      socket: 
[Array],
      timeout: 
undefined,
      abort: 
undefined
    },
    _writableState: 
WritableState {
      highWaterMark: 
16384,
      length: 0,
      corked: 0,
      onwrite: 
[Function: bound 
onwrite],
      writelen: 0,
      bufferedIndex: 
0,
      pendingcb: 0,
      
[Symbol(kState)]: 
17580812,
      [Symbol(kBuffer
edValue)]: null
    },
    _maxListeners: 
undefined,
    _options: {
      maxRedirects: 
21,
      maxBodyLength: 
Infinity,
      protocol: 
'https:',
      path: 
'/api/v1/all',
      method: 'GET',
      headers: 
[Object: null 
prototype],
      agents: 
[Object],
      auth: 
undefined,
      family: 
undefined,
      
beforeRedirect: 
[Function: dispatchBe
foreRedirect],
      
beforeRedirects: 
[Object],
      hostname: 
'www.kontests.net',
      port: '',
      agent: 
undefined,
      
nativeProtocols: 
[Object],
      pathname: 
'/api/v1/all'
    },
    _ended: true,
    _ending: true,
    _redirectCount: 
0,
    _redirects: [],
    
_requestBodyLength: 
0,
    
_requestBodyBuffers: 
[],
    _eventsCount: 3,
    
_onNativeResponse: 
[Function 
(anonymous)],
    _currentRequest: 
ClientRequest {
      _events: 
[Object: null 
prototype],
      _eventsCount: 
7,
      _maxListeners: 
undefined,
      outputData: [],
      outputSize: 0,
      writable: true,
      destroyed: 
false,
      _last: true,
      
chunkedEncoding: 
false,
      
shouldKeepAlive: 
true,
      maxRequestsOnCo
nnectionReached: 
false,
      
_defaultKeepAlive: 
true,
      useChunkedEncod
ingByDefault: false,
      sendDate: 
false,
      
_removedConnection: 
false,
      
_removedContLen: 
false,
      _removedTE: 
false,
      
strictContentLength: 
false,
      
_contentLength: 0,
9:31:48 PM [express] GET /api/external-contests 200 in 11189ms :: [{"id":"2181","name":"2025-2026 ICΓÇª
      _hasBody: true,
      _trailer: '',
      finished: true,
      _headerSent: 
true,
      _closed: false,
      _header: 'GET 
/api/v1/all 
HTTP/1.1\r\n' +
        'Accept: 
application/json, 
text/plain, */*\r\n' 
+
        'User-Agent: 
CodeArena Contest 
Tracker\r\n' +
        
'Accept-Encoding: 
gzip, compress, 
deflate, br\r\n' +
        'Host: www.ko
ntests.net\r\n' +
        'Connection: 
keep-alive\r\n' +
        '\r\n',
      
_keepAliveTimeout: 0,
      
_onPendingData: 
[Function: nop],
      agent: [Agent],
      socketPath: 
undefined,
      method: 'GET',
      maxHeaderSize: 
undefined,
      
insecureHTTPParser: 
undefined,
      joinDuplicateHe
aders: undefined,
      path: 
'/api/v1/all',
      _ended: false,
      res: null,
      aborted: false,
      timeoutCb: 
[Function: 
emitRequestTimeout],
      
upgradeOrConnect: 
false,
      parser: null,
      
maxHeadersCount: 
null,
      reusedSocket: 
false,
      host: 
'www.kontests.net',
      protocol: 
'https:',
      _redirectable: 
[Circular *1],
      
[Symbol(shapeMode)]: 
false,
      
[Symbol(kCapture)]: 
false,
      [Symbol(kBytesW
ritten)]: 0,
      [Symbol(kNeedDr
ain)]: false,
      
[Symbol(corked)]: 0,
      [Symbol(kChunke
dBuffer)]: [],
      [Symbol(kChunke
dLength)]: 0,
      
[Symbol(kSocket)]: 
[TLSSocket],
      [Symbol(kOutHea
ders)]: [Object: 
null prototype],
      
[Symbol(errored)]: 
null,
      [Symbol(kHighWa
terMark)]: 16384,
      [Symbol(kReject
NonStandardBodyWrites
)]: false,
      [Symbol(kUnique
Headers)]: null
    },
    _currentUrl: 'htt
ps://www.kontests.net
/api/v1/all',
    _timeout: null,
    
[Symbol(shapeMode)]: 
true,
    
[Symbol(kCapture)]: 
false
  },
  cause: 
AggregateError 
[ETIMEDOUT]: 
      at internalConn
ectMultiple 
(node:net:1134:18)
      at 
afterConnectMultiple 
(node:net:1715:7) {
    code: 
'ETIMEDOUT',
    [errors]: [ 
[Error], [Error] ]
  }
}
Kontests API Error: 
{ status: undefined, 
statusText: 
undefined, data: 
undefined }
9:31:58 PM [express] GET /api/courses 200 in 2ms :: [{"title":"Programming Fundamentals","descriptioΓÇª
9:31:58 PM [express] GET /api/users/demo-user-123/courses/5d3edde1-812f-40f2-a03f-9961df5848ca/enrolΓÇª
9:31:58 PM [express] GET /api/users/demo-user-123/courses/cc389683-23fe-486c-b807-86a812fe116d/enrolΓÇª
9:31:58 PM [express] GET /api/users/demo-user-123/courses/7edc2a18-86a3-4de0-b1a5-018a4445df54/enrolΓÇª
9:31:58 PM [express] GET /api/users/demo-user-123/courses/8ad90d3a-ed24-4d25-9c67-efbe84e62366/enrolΓÇª
9:31:58 PM [express] GET /api/users/demo-user-123/courses/24814b33-439b-4574-832d-31b527e061d5/enrolΓÇª
9:31:58 PM [express] GET /api/users/demo-user-123/courses/cd8e9233-0b3f-4bcd-bb45-af1ade91db35/enrolΓÇª
9:32:00 PM [express] POST /api/courses/5d3edde1-812f-40f2-a03f-9961df5848ca/enroll 201 in 4ms :: {"iΓÇª
9:32:00 PM [express] GET /api/users/demo-user-123/courses/5d3edde1-812f-40f2-a03f-9961df5848ca/enrolΓÇª
9:32:00 PM [express] GET /api/courses 200 in 5ms :: [{"title":"Programming Fundamentals","descriptioΓÇª
9:32:02 PM [express] GET /api/user 200 in 1ms :: {"username":"admin","password":"3f95e6d8e55e5821133ΓÇª
9:32:02 PM [express] GET /api/courses/5d3edde1-812f-40f2-a03f-9961df5848ca 200 in 7ms :: {"title":"PΓÇª
9:32:02 PM [express] GET /api/courses/5d3edde1-812f-40f2-a03f-9961df5848ca/lessons 200 in 6ms :: [{"ΓÇª
9:32:02 PM [express] GET /api/users/demo-user-123/courses/5d3edde1-812f-40f2-a03f-9961df5848ca/enrolΓÇª
9:32:07 PM [express] GET /api/user 304 in 2ms :: {"username":"admin","password":"3f95e6d8e55e5821133ΓÇª
9:32:07 PM [express] GET /api/courses 304 in 2ms :: [{"title":"Programming Fundamentals","descriptioΓÇª
9:32:07 PM [express] GET /api/users/demo-user-123/courses/5d3edde1-812f-40f2-a03f-9961df5848ca/enrolΓÇª
9:32:07 PM [express] GET /api/users/demo-user-123/courses/cc389683-23fe-486c-b807-86a812fe116d/enrolΓÇª
9:32:07 PM [express] GET /api/users/demo-user-123/courses/7edc2a18-86a3-4de0-b1a5-018a4445df54/enrolΓÇª
9:32:07 PM [express] GET /api/users/demo-user-123/courses/8ad90d3a-ed24-4d25-9c67-efbe84e62366/enrolΓÇª
9:32:07 PM [express] GET /api/users/demo-user-123/courses/24814b33-439b-4574-832d-31b527e061d5/enrolΓÇª
9:32:07 PM [express] GET /api/users/demo-user-123/courses/cd8e9233-0b3f-4bcd-bb45-af1ade91db35/enrolΓÇª
9:32:10 PM [express] GET /api/progress 200 in 5ms :: [{"month":"Jul","contestsAttended":4,"problemsSΓÇª
9:32:10 PM [express] GET /api/stats 304 in 6ms :: {"activeContests":0,"participants":0,"problemsSolvΓÇª
Error fetching from 
Kontests API: 
AxiosError 
[AggregateError]
    at 
AxiosError.from (file
:///D:/projectoff/pro
jectf1/ContestReminde
r-11-1/ContestReminde
r-11-1/node_modules/a
xios/lib/core/AxiosEr
ror.js:92:14)
    at RedirectableRe
quest.handleRequestEr
ror (file:///D:/proje
ctoff/projectf1/Conte
stReminder-11-1/Conte
stReminder-11-1/node_
modules/axios/lib/ada
pters/http.js:620:25)
    at RedirectableRe
quest.emit 
(node:events:530:35)
    at eventHandlers.
<computed> (D:\projec
toff\projectf1\Contes
tReminder-11-1\Contes
tReminder-11-1\node_m
odules\follow-redirec
ts\index.js:49:24)
    at 
ClientRequest.emit 
(node:events:518:28)
    at 
emitErrorEvent (node:
_http_client:104:11)
    at TLSSocket.sock
etErrorListener (node
:_http_client:518:5)
    at 
TLSSocket.emit 
(node:events:518:28)
    at emitErrorNT (n
ode:internal/streams/
destroy:170:8)
    at 
emitErrorCloseNT (nod
e:internal/streams/de
stroy:129:3)
    at process.proces
sTicksAndRejections (
node:internal/process
/task_queues:90:21)
    at Axios.request 
(file:///D:/projectof
f/projectf1/ContestRe
minder-11-1/ContestRe
minder-11-1/node_modu
les/axios/lib/core/Ax
ios.js:45:41)
    at process.proces
sTicksAndRejections (
node:internal/process
/task_queues:105:5)
    at async Function
.getAllContests (D:\p
rojectoff\projectf1\C
ontestReminder-11-1\C
ontestReminder-11-1\s
erver\contest-apis.ts
:70:24)
    at async 
Promise.allSettled 
(index 1)
    at async Function
.fetchAllContests (D:
\projectoff\projectf1
\ContestReminder-11-1
\ContestReminder-11-1
\server\contest-apis.
ts:127:54)
    at async 
<anonymous> (D:\proje
ctoff\projectf1\Conte
stReminder-11-1\Conte
stReminder-11-1\serve
r\routes.ts:158:20) {
  code: 'ETIMEDOUT',
  errors: [
    Error: connect 
ETIMEDOUT 64:ff9b::9a
d1:731a:443
        at createConn
ectionError 
(node:net:1678:14)
        at Timeout.in
ternalConnectMultiple
Timeout 
(node:net:1737:38)
        at 
listOnTimeout (node:i
nternal/timers:590:11
)
        at process.pr
ocessTimers (node:int
ernal/timers:523:7) {
      errno: -4039,
      code: 
'ETIMEDOUT',
      syscall: 
'connect',
      address: 
'64:ff9b::9ad1:731a',
      port: 443
    },
    Error: connect 
ECONNREFUSED 
154.209.115.26:443
        at createConn
ectionError 
(node:net:1678:14)
        at 
afterConnectMultiple 
(node:net:1708:16) {
      errno: -4078,
      code: 
'ECONNREFUSED',
      syscall: 
'connect',
      address: 
'154.209.115.26',
      port: 443
    }
  ],
  config: {
    transitional: {
      
silentJSONParsing: 
true,
      
forcedJSONParsing: 
true,
      
clarifyTimeoutError: 
false
    },
    adapter: [ 
'xhr', 'http', 
'fetch' ],
    
transformRequest: [ 
[Function: 
transformRequest] ],
    
transformResponse: [ 
[Function: 
transformResponse] ],
    timeout: 15000,
    xsrfCookieName: 
'XSRF-TOKEN',
    xsrfHeaderName: 
'X-XSRF-TOKEN',
    
maxContentLength: -1,
    maxBodyLength: 
-1,
    env: { FormData: 
[Function 
[FormData]], Blob: 
[class Blob] },
    validateStatus: 
[Function: 
validateStatus],
    headers: Object 
[AxiosHeaders] {
      Accept: 
'application/json, 
text/plain, */*',
      
'Content-Type': 
undefined,
      'User-Agent': 
'CodeArena Contest 
Tracker',
      
'Accept-Encoding': 
'gzip, compress, 
deflate, br'
    },
    method: 'get',
    url: 'https://www
.kontests.net/api/v1/
all',
    
allowAbsoluteUrls: 
true,
    data: undefined
  },
  request: <ref *1> 
Writable {
    _events: {
      close: 
undefined,
      error: 
[Function: 
handleRequestError],
      prefinish: 
undefined,
      finish: 
undefined,
      drain: 
undefined,
      response: 
[Function: 
handleResponse],
      socket: 
[Array],
      timeout: 
undefined,
      abort: 
undefined
    },
    _writableState: 
WritableState {
      highWaterMark: 
16384,
      length: 0,
      corked: 0,
      onwrite: 
[Function: bound 
onwrite],
      writelen: 0,
      bufferedIndex: 
0,
      pendingcb: 0,
      
[Symbol(kState)]: 
17580812,
      [Symbol(kBuffer
edValue)]: null
    },
    _maxListeners: 
undefined,
    _options: {
      maxRedirects: 
21,
      maxBodyLength: 
Infinity,
      protocol: 
'https:',
      path: 
'/api/v1/all',
      method: 'GET',
      headers: 
[Object: null 
prototype],
      agents: 
[Object],
      auth: 
undefined,
      family: 
undefined,
      
beforeRedirect: 
[Function: dispatchBe
foreRedirect],
      
beforeRedirects: 
[Object],
      hostname: 
'www.kontests.net',
      port: '',
      agent: 
undefined,
      
nativeProtocols: 
[Object],
      pathname: 
'/api/v1/all'
    },
    _ended: true,
    _ending: true,
    _redirectCount: 
0,
    _redirects: [],
    
_requestBodyLength: 
0,
    
_requestBodyBuffers: 
[],
    _eventsCount: 3,
    
_onNativeResponse: 
[Function 
(anonymous)],
    _currentRequest: 
ClientRequest {
      _events: 
[Object: null 
prototype],
      _eventsCount: 
7,
      _maxListeners: 
undefined,
      outputData: [],
      outputSize: 0,
      writable: true,
      destroyed: 
false,
      _last: true,
      
chunkedEncoding: 
false,
      
shouldKeepAlive: 
true,
      maxRequestsOnCo
nnectionReached: 
false,
      
_defaultKeepAlive: 
true,
      useChunkedEncod
ingByDefault: false,
      sendDate: 
false,
      
_removedConnection: 
false,
      
_removedContLen: 
false,
      _removedTE: 
false,
      
strictContentLength: 
false,
      
_contentLength: 0,
      _hasBody: true,
      _trailer: '',
      finished: true,
      _headerSent: 
true,
      _closed: false,
      _header: 'GET 
/api/v1/all 
HTTP/1.1\r\n' +
        'Accept: 
application/json, 
text/plain, */*\r\n' 
+
        'User-Agent: 
CodeArena Contest 
Tracker\r\n' +
        
'Accept-Encoding: 
gzip, compress, 
deflate, br\r\n' +
        'Host: www.ko
ntests.net\r\n' +
        'Connection: 
keep-alive\r\n' +
        '\r\n',
      
_keepAliveTimeout: 0,
      
_onPendingData: 
[Function: nop],
      agent: [Agent],
      socketPath: 
undefined,
      method: 'GET',
      maxHeaderSize: 
undefined,
      
insecureHTTPParser: 
undefined,
      joinDuplicateHe
aders: undefined,
      path: 
'/api/v1/all',
      _ended: false,
      res: null,
      aborted: false,
      timeoutCb: 
[Function: 
emitRequestTimeout],
      
upgradeOrConnect: 
false,
      parser: null,
      
maxHeadersCount: 
null,
      reusedSocket: 
false,
      host: 
'www.kontests.net',
      protocol: 
'https:',
      _redirectable: 
[Circular *1],
      
[Symbol(shapeMode)]: 
false,
      
[Symbol(kCapture)]: 
false,
      [Symbol(kBytesW
ritten)]: 0,
      [Symbol(kNeedDr
ain)]: false,
      
[Symbol(corked)]: 0,
      [Symbol(kChunke
dBuffer)]: [],
      [Symbol(kChunke
dLength)]: 0,
      
[Symbol(kSocket)]: 
[TLSSocket],
      [Symbol(kOutHea
ders)]: [Object: 
null prototype],
      
[Symbol(errored)]: 
null,
      [Symbol(kHighWa
terMark)]: 16384,
      [Symbol(kReject
NonStandardBodyWrites
)]: false,
      [Symbol(kUnique
Headers)]: null
    },
    _currentUrl: 'htt
ps://www.kontests.net
/api/v1/all',
    _timeout: null,
    
[Symbol(shapeMode)]: 
true,
    
[Symbol(kCapture)]: 
false
  },
  cause: 
AggregateError 
[ETIMEDOUT]: 
      at internalConn
ectMultiple 
(node:net:1134:18)
      at 
afterConnectMultiple 
(node:net:1715:7) {
    code: 
'ETIMEDOUT',
    [errors]: [ 
[Error], [Error] ]
  }
}
Kontests API Error: 
{ status: undefined, 
statusText: 
undefined, data: 
undefined }
9:32:22 PM [express] GET /api/external-contests 200 in 12190ms :: [{"id":"2181","name":"2025-2026 ICΓÇª
9:37:11 PM [express] POST /api/logout 200 in 4ms
9:37:25 PM [express] POST /api/login 401 in 2ms
[2m9:39:35 pm[22m [36m[1m[vite][22m[39m [32mhmr update [39m[2m/src/hooks/use-auth.tsx, /src/index.css?v=xKEO1lbfkJbhxrxY_0V5[22m
[2m9:39:35 pm[22m [36m[1m[vite][22m[39m [33mhmr invalidate [39m[2m/src/hooks/use-auth.tsx[22m Could not Fast Refresh ("AuthContext" export is incompatible). Learn more at https://github.com/vitejs/vite-plugin-react/tree/main/packages/plugin-react#consistent-components-exports
[2m9:39:35 pm[22m [36m[1m[vite][22m[39m [32mhmr update [39m[2m/src/App.tsx?v=xKEO1lbfkJbhxrxY_0V5, /src/index.css?v=xKEO1lbfkJbhxrxY_0V5, /src/lib/protected-route.tsx, /src/lib/protected-admin-route.tsx, /src/pages/auth-page.tsx, /src/components/layout/user-dropdown.tsx[22m
9:39:36 PM [express] GET /api/user 401 in 1ms
9:40:09 PM [express] POST /api/login 401 in 1ms
9:40:25 PM [express] POST /api/login 200 in 125ms :: {"username":"admin","password":"3f95e6d8e55e582ΓÇª
9:40:25 PM [express] GET /api/progress 200 in 4ms :: [{"month":"Jul","contestsAttended":4,"problemsSΓÇª
9:40:25 PM [express] GET /api/stats 304 in 12ms :: {"activeContests":0,"participants":0,"problemsSolΓÇª
Error fetching from 
Kontests API: 
AxiosError 
[AggregateError]
    at 
AxiosError.from (file
:///D:/projectoff/pro
jectf1/ContestReminde
r-11-1/ContestReminde
r-11-1/node_modules/a
xios/lib/core/AxiosEr
ror.js:92:14)
    at RedirectableRe
quest.handleRequestEr
ror (file:///D:/proje
ctoff/projectf1/Conte
stReminder-11-1/Conte
stReminder-11-1/node_
modules/axios/lib/ada
pters/http.js:620:25)
    at RedirectableRe
quest.emit 
(node:events:530:35)
    at eventHandlers.
<computed> (D:\projec
toff\projectf1\Contes
tReminder-11-1\Contes
tReminder-11-1\node_m
odules\follow-redirec
ts\index.js:49:24)
    at 
ClientRequest.emit 
(node:events:518:28)
    at 
emitErrorEvent (node:
_http_client:104:11)
    at TLSSocket.sock
etErrorListener (node
:_http_client:518:5)
    at 
TLSSocket.emit 
(node:events:518:28)
    at emitErrorNT (n
ode:internal/streams/
destroy:170:8)
    at 
emitErrorCloseNT (nod
e:internal/streams/de
stroy:129:3)
    at process.proces
sTicksAndRejections (
node:internal/process
/task_queues:90:21)
    at Axios.request 
(file:///D:/projectof
f/projectf1/ContestRe
minder-11-1/ContestRe
minder-11-1/node_modu
les/axios/lib/core/Ax
ios.js:45:41)
    at process.proces
sTicksAndRejections (
node:internal/process
/task_queues:105:5)
    at async Function
.getAllContests (D:\p
rojectoff\projectf1\C
ontestReminder-11-1\C
ontestReminder-11-1\s
erver\contest-apis.ts
:70:24)
    at async 
Promise.allSettled 
(index 1)
    at async Function
.fetchAllContests (D:
\projectoff\projectf1
\ContestReminder-11-1
\ContestReminder-11-1
\server\contest-apis.
ts:127:54)
    at async 
<anonymous> (D:\proje
ctoff\projectf1\Conte
stReminder-11-1\Conte
stReminder-11-1\serve
r\routes.ts:158:20) {
  code: 'ETIMEDOUT',
  errors: [
    Error: connect 
ETIMEDOUT 64:ff9b::9a
d1:731a:443
        at createConn
ectionError 
(node:net:1678:14)
        at Timeout.in
ternalConnectMultiple
Timeout 
(node:net:1737:38)
        at 
listOnTimeout (node:i
nternal/timers:590:11
)
        at process.pr
ocessTimers (node:int
ernal/timers:523:7) {
      errno: -4039,
      code: 
'ETIMEDOUT',
      syscall: 
'connect',
      address: 
'64:ff9b::9ad1:731a',
      port: 443
    },
    Error: connect 
ECONNREFUSED 
154.209.115.26:443
        at createConn
ectionError 
(node:net:1678:14)
        at 
afterConnectMultiple 
(node:net:1708:16) {
      errno: -4078,
      code: 
'ECONNREFUSED',
      syscall: 
'connect',
      address: 
'154.209.115.26',
      port: 443
    }
  ],
  config: {
    transitional: {
      
silentJSONParsing: 
true,
      
forcedJSONParsing: 
true,
      
clarifyTimeoutError: 
false
    },
    adapter: [ 
'xhr', 'http', 
'fetch' ],
    
transformRequest: [ 
[Function: 
transformRequest] ],
    
transformResponse: [ 
[Function: 
transformResponse] ],
    timeout: 15000,
    xsrfCookieName: 
'XSRF-TOKEN',
    xsrfHeaderName: 
'X-XSRF-TOKEN',
    
maxContentLength: -1,
    maxBodyLength: 
-1,
    env: { FormData: 
[Function 
[FormData]], Blob: 
[class Blob] },
    validateStatus: 
[Function: 
validateStatus],
    headers: Object 
[AxiosHeaders] {
      Accept: 
'application/json, 
text/plain, */*',
      
'Content-Type': 
undefined,
      'User-Agent': 
'CodeArena Contest 
Tracker',
      
'Accept-Encoding': 
'gzip, compress, 
deflate, br'
    },
    method: 'get',
    url: 'https://www
.kontests.net/api/v1/
all',
    
allowAbsoluteUrls: 
true,
    data: undefined
  },
  request: <ref *1> 
Writable {
    _events: {
      close: 
undefined,
      error: 
[Function: 
handleRequestError],
      prefinish: 
undefined,
      finish: 
undefined,
      drain: 
undefined,
      response: 
[Function: 
handleResponse],
      socket: 
[Array],
      timeout: 
undefined,
      abort: 
undefined
    },
    _writableState: 
WritableState {
      highWaterMark: 
16384,
      length: 0,
      corked: 0,
      onwrite: 
[Function: bound 
onwrite],
      writelen: 0,
      bufferedIndex: 
0,
      pendingcb: 0,
      
[Symbol(kState)]: 
17580812,
      [Symbol(kBuffer
edValue)]: null
    },
    _maxListeners: 
undefined,
    _options: {
      maxRedirects: 
21,
      maxBodyLength: 
Infinity,
      protocol: 
'https:',
      path: 
'/api/v1/all',
      method: 'GET',
      headers: 
[Object: null 
prototype],
      agents: 
[Object],
      auth: 
undefined,
      family: 
undefined,
      
beforeRedirect: 
[Function: dispatchBe
foreRedirect],
      
beforeRedirects: 
[Object],
      hostname: 
'www.kontests.net',
      port: '',
      agent: 
undefined,
      
nativeProtocols: 
[Object],
      pathname: 
'/api/v1/all'
    },
    _ended: true,
    _ending: true,
    _redirectCount: 
0,
    _redirects: [],
    
_requestBodyLength: 
0,
    
_requestBodyBuffers: 
[],
    _eventsCount: 3,
    
_onNativeResponse: 
[Function 
(anonymous)],
    _currentRequest: 
ClientRequest {
      _events: 
[Object: null 
prototype],
      _eventsCount: 
7,
      _maxListeners: 
undefined,
      outputData: [],
      outputSize: 0,
      writable: true,
      destroyed: 
false,
      _last: true,
      
chunkedEncoding: 
false,
      
shouldKeepAlive: 
true,
      maxRequestsOnCo
nnectionReached: 
false,
      
_defaultKeepAlive: 
true,
      useChunkedEncod
ingByDefault: false,
      sendDate: 
false,
      
_removedConnection: 
false,
      
_removedContLen: 
false,
      _removedTE: 
false,
      
strictContentLength: 
false,
      
_contentLength: 0,
      _hasBody: true,
      _trailer: '',
      finished: true,
      _headerSent: 
true,
      _closed: false,
      _header: 'GET 
/api/v1/all 
HTTP/1.1\r\n' +
        'Accept: 
application/json, 
text/plain, */*\r\n' 
+
        'User-Agent: 
CodeArena Contest 
Tracker\r\n' +
        
'Accept-Encoding: 
gzip, compress, 
deflate, br\r\n' +
        'Host: www.ko
ntests.net\r\n' +
        'Connection: 
keep-alive\r\n' +
        '\r\n',
      
_keepAliveTimeout: 0,
      
_onPendingData: 
[Function: nop],
      agent: [Agent],
      socketPath: 
undefined,
      method: 'GET',
      maxHeaderSize: 
undefined,
      
insecureHTTPParser: 
undefined,
      joinDuplicateHe
aders: undefined,
      path: 
'/api/v1/all',
      _ended: false,
      res: null,
      aborted: false,
      timeoutCb: 
[Function: 
emitRequestTimeout],
      
upgradeOrConnect: 
false,
      parser: null,
      
maxHeadersCount: 
null,
      reusedSocket: 
false,
      host: 
'www.kontests.net',
      protocol: 
'https:',
      _redirectable: 
[Circular *1],
      
[Symbol(shapeMode)]: 
false,
      
[Symbol(kCapture)]: 
false,
      [Symbol(kBytesW
ritten)]: 0,
      [Symbol(kNeedDr
ain)]: false,
      
[Symbol(corked)]: 0,
      [Symbol(kChunke
dBuffer)]: [],
      [Symbol(kChunke
dLength)]: 0,
      
[Symbol(kSocket)]: 
[TLSSocket],
      [Symbol(kOutHea
ders)]: [Object: 
null prototype],
      
[Symbol(errored)]: 
null,
      [Symbol(kHighWa
terMark)]: 16384,
      [Symbol(kReject
NonStandardBodyWrites
)]: false,
      [Symbol(kUnique
Headers)]: null
    },
    _currentUrl: 'htt
ps://www.kontests.net
/api/v1/all',
    _timeout: null,
    
[Symbol(shapeMode)]: 
true,
    
[Symbol(kCapture)]: 
false
  },
  cause: 
AggregateError 
[ETIMEDOUT]: 
      at internalConn
ectMultiple 
(node:net:1134:18)
      at 
afterConnectMultiple 
(node:net:1715:7) {
    code: 
'ETIMEDOUT',
    [errors]: [ 
[Error], [Error] ]
  }
}
Kontests API Error: 
{ status: undefined, 
statusText: 
undefined, data: 
undefined }
9:40:37 PM [express] GET /api/external-contests 200 in 12332ms :: [{"id":"2181","name":"2025-2026 ICΓÇª
9:41:31 PM [express] GET /api/courses 304 in 3ms :: [{"title":"Programming Fundamentals","descriptioΓÇª
9:41:31 PM [express] GET /api/users/demo-user-123/courses/cc389683-23fe-486c-b807-86a812fe116d/enrolΓÇª
9:41:31 PM [express] GET /api/users/demo-user-123/courses/5d3edde1-812f-40f2-a03f-9961df5848ca/enrolΓÇª
9:41:31 PM [express] GET /api/users/demo-user-123/courses/7edc2a18-86a3-4de0-b1a5-018a4445df54/enrolΓÇª
9:41:31 PM [express] GET /api/users/demo-user-123/courses/8ad90d3a-ed24-4d25-9c67-efbe84e62366/enrolΓÇª
9:41:31 PM [express] GET /api/users/demo-user-123/courses/24814b33-439b-4574-832d-31b527e061d5/enrolΓÇª
9:41:31 PM [express] GET /api/users/demo-user-123/courses/cd8e9233-0b3f-4bcd-bb45-af1ade91db35/enrolΓÇª
9:41:34 PM [express] GET /api/user 304 in 2ms :: {"username":"admin","password":"3f95e6d8e55e5821133ΓÇª
9:41:34 PM [express] GET /api/courses/5d3edde1-812f-40f2-a03f-9961df5848ca 304 in 10ms :: {"title":"ΓÇª
9:41:34 PM [express] GET /api/courses/5d3edde1-812f-40f2-a03f-9961df5848ca/lessons 304 in 10ms :: [{ΓÇª
9:41:34 PM [express] GET /api/users/demo-user-123/courses/5d3edde1-812f-40f2-a03f-9961df5848ca/enrolΓÇª
9:41:39 PM [express] GET /api/courses 304 in 3ms :: [{"title":"Programming Fundamentals","descriptioΓÇª
9:41:39 PM [express] GET /api/users/demo-user-123/courses/cc389683-23fe-486c-b807-86a812fe116d/enrolΓÇª
9:41:39 PM [express] GET /api/users/demo-user-123/courses/7edc2a18-86a3-4de0-b1a5-018a4445df54/enrolΓÇª
9:41:39 PM [express] GET /api/users/demo-user-123/courses/8ad90d3a-ed24-4d25-9c67-efbe84e62366/enrolΓÇª
9:41:39 PM [express] GET /api/users/demo-user-123/courses/24814b33-439b-4574-832d-31b527e061d5/enrolΓÇª
9:41:39 PM [express] GET /api/users/demo-user-123/courses/cd8e9233-0b3f-4bcd-bb45-af1ade91db35/enrolΓÇª
9:41:43 PM [express] POST /api/courses/cc389683-23fe-486c-b807-86a812fe116d/enroll 201 in 2ms :: {"iΓÇª
9:41:43 PM [express] GET /api/users/demo-user-123/courses/cc389683-23fe-486c-b807-86a812fe116d/enrolΓÇª
9:41:43 PM [express] GET /api/courses 200 in 3ms :: [{"title":"Programming Fundamentals","descriptioΓÇª
9:41:45 PM [express] GET /api/user 304 in 2ms :: {"username":"admin","password":"3f95e6d8e55e5821133ΓÇª
9:41:45 PM [express] GET /api/courses/cc389683-23fe-486c-b807-86a812fe116d 200 in 4ms :: {"title":"DΓÇª
9:41:45 PM [express] GET /api/courses/cc389683-23fe-486c-b807-86a812fe116d/lessons 200 in 6ms :: [{"ΓÇª
9:41:45 PM [express] GET /api/users/demo-user-123/courses/cc389683-23fe-486c-b807-86a812fe116d/enrolΓÇª
9:42:06 PM [express] GET /api/user 304 in 5ms :: {"username":"admin","password":"3f95e6d8e55e5821133ΓÇª
9:42:06 PM [express] GET /api/courses 304 in 2ms :: [{"title":"Programming Fundamentals","descriptioΓÇª
9:42:06 PM [express] GET /api/users/demo-user-123/courses/5d3edde1-812f-40f2-a03f-9961df5848ca/enrolΓÇª
9:42:06 PM [express] GET /api/users/demo-user-123/courses/cc389683-23fe-486c-b807-86a812fe116d/enrolΓÇª
9:42:06 PM [express] GET /api/users/demo-user-123/courses/7edc2a18-86a3-4de0-b1a5-018a4445df54/enrolΓÇª
9:42:06 PM [express] GET /api/users/demo-user-123/courses/8ad90d3a-ed24-4d25-9c67-efbe84e62366/enrolΓÇª
9:42:06 PM [express] GET /api/users/demo-user-123/courses/24814b33-439b-4574-832d-31b527e061d5/enrolΓÇª
9:42:06 PM [express] GET /api/users/demo-user-123/courses/cd8e9233-0b3f-4bcd-bb45-af1ade91db35/enrolΓÇª
9:42:12 PM [express] POST /api/courses/7edc2a18-86a3-4de0-b1a5-018a4445df54/enroll 201 in 3ms :: {"iΓÇª
9:42:12 PM [express] GET /api/courses 200 in 4ms :: [{"title":"Programming Fundamentals","descriptioΓÇª
9:42:12 PM [express] GET /api/users/demo-user-123/courses/7edc2a18-86a3-4de0-b1a5-018a4445df54/enrolΓÇª
9:42:16 PM [express] GET /api/progress 200 in 15ms :: [{"month":"Jul","contestsAttended":4,"problemsΓÇª
9:42:16 PM [express] GET /api/stats 304 in 16ms :: {"activeContests":0,"participants":0,"problemsSolΓÇª
Error fetching from 
Kontests API: 
AxiosError 
[AggregateError]
    at 
AxiosError.from (file
:///D:/projectoff/pro
jectf1/ContestReminde
r-11-1/ContestReminde
r-11-1/node_modules/a
xios/lib/core/AxiosEr
ror.js:92:14)
    at RedirectableRe
quest.handleRequestEr
ror (file:///D:/proje
ctoff/projectf1/Conte
stReminder-11-1/Conte
stReminder-11-1/node_
modules/axios/lib/ada
pters/http.js:620:25)
    at RedirectableRe
quest.emit 
(node:events:530:35)
    at eventHandlers.
<computed> (D:\projec
toff\projectf1\Contes
tReminder-11-1\Contes
tReminder-11-1\node_m
odules\follow-redirec
ts\index.js:49:24)
    at 
ClientRequest.emit 
(node:events:518:28)
    at 
emitErrorEvent (node:
_http_client:104:11)
    at TLSSocket.sock
etErrorListener (node
:_http_client:518:5)
    at 
TLSSocket.emit 
(node:events:518:28)
    at emitErrorNT (n
ode:internal/streams/
destroy:170:8)
    at 
emitErrorCloseNT (nod
e:internal/streams/de
stroy:129:3)
    at process.proces
sTicksAndRejections (
node:internal/process
/task_queues:90:21)
    at Axios.request 
(file:///D:/projectof
f/projectf1/ContestRe
minder-11-1/ContestRe
minder-11-1/node_modu
les/axios/lib/core/Ax
ios.js:45:41)
    at process.proces
sTicksAndRejections (
node:internal/process
/task_queues:105:5)
    at async Function
.getAllContests (D:\p
rojectoff\projectf1\C
ontestReminder-11-1\C
ontestReminder-11-1\s
erver\contest-apis.ts
:70:24)
    at async 
Promise.allSettled 
(index 1)
    at async Function
.fetchAllContests (D:
\projectoff\projectf1
\ContestReminder-11-1
\ContestReminder-11-1
\server\contest-apis.
ts:127:54)
    at async 
<anonymous> (D:\proje
ctoff\projectf1\Conte
stReminder-11-1\Conte
stReminder-11-1\serve
r\routes.ts:158:20) {
  code: 'ETIMEDOUT',
  errors: [
    Error: connect 
ETIMEDOUT 64:ff9b::9a
d1:731a:443
        at createConn
ectionError 
(node:net:1678:14)
        at Timeout.in
ternalConnectMultiple
Timeout 
(node:net:1737:38)
        at 
listOnTimeout (node:i
nternal/timers:590:11
)
        at process.pr
ocessTimers (node:int
ernal/timers:523:7) {
      errno: -4039,
      code: 
'ETIMEDOUT',
      syscall: 
'connect',
      address: 
'64:ff9b::9ad1:731a',
      port: 443
    },
    Error: connect 
ECONNREFUSED 
154.209.115.26:443
        at createConn
ectionError 
(node:net:1678:14)
        at 
afterConnectMultiple 
(node:net:1708:16) {
      errno: -4078,
      code: 
'ECONNREFUSED',
      syscall: 
'connect',
      address: 
'154.209.115.26',
      port: 443
    }
  ],
  config: {
    transitional: {
      
silentJSONParsing: 
true,
      
forcedJSONParsing: 
true,
      
clarifyTimeoutError: 
false
    },
    adapter: [ 
'xhr', 'http', 
'fetch' ],
    
transformRequest: [ 
[Function: 
transformRequest] ],
    
transformResponse: [ 
[Function: 
transformResponse] ],
    timeout: 15000,
    xsrfCookieName: 
'XSRF-TOKEN',
    xsrfHeaderName: 
'X-XSRF-TOKEN',
    
maxContentLength: -1,
    maxBodyLength: 
-1,
    env: { FormData: 
[Function 
[FormData]], Blob: 
[class Blob] },
    validateStatus: 
[Function: 
validateStatus],
    headers: Object 
[AxiosHeaders] {
      Accept: 
'application/json, 
text/plain, */*',
      
'Content-Type': 
undefined,
      'User-Agent': 
'CodeArena Contest 
Tracker',
      
'Accept-Encoding': 
'gzip, compress, 
deflate, br'
    },
    method: 'get',
    url: 'https://www
.kontests.net/api/v1/
all',
    
allowAbsoluteUrls: 
true,
    data: undefined
  },
  request: <ref *1> 
Writable {
    _events: {
      close: 
undefined,
      error: 
[Function: 
handleRequestError],
      prefinish: 
undefined,
      finish: 
undefined,
      drain: 
undefined,
      response: 
[Function: 
handleResponse],
      socket: 
[Array],
      timeout: 
undefined,
      abort: 
undefined
    },
    _writableState: 
WritableState {
      highWaterMark: 
16384,
      length: 0,
      corked: 0,
      onwrite: 
[Function: bound 
onwrite],
      writelen: 0,
      bufferedIndex: 
0,
      pendingcb: 0,
      
[Symbol(kState)]: 
17580812,
      [Symbol(kBuffer
edValue)]: null
    },
    _maxListeners: 
undefined,
    _options: {
      maxRedirects: 
21,
      maxBodyLength: 
Infinity,
      protocol: 
'https:',
      path: 
'/api/v1/all',
      method: 'GET',
      headers: 
[Object: null 
prototype],
      agents: 
[Object],
      auth: 
undefined,
      family: 
undefined,
      
beforeRedirect: 
[Function: dispatchBe
foreRedirect],
      
beforeRedirects: 
[Object],
      hostname: 
'www.kontests.net',
      port: '',
      agent: 
undefined,
      
nativeProtocols: 
[Object],
      pathname: 
'/api/v1/all'
    },
    _ended: true,
    _ending: true,
    _redirectCount: 
0,
    _redirects: [],
    
_requestBodyLength: 
0,
    
_requestBodyBuffers: 
[],
    _eventsCount: 3,
    
_onNativeResponse: 
[Function 
(anonymous)],
    _currentRequest: 
ClientRequest {
      _events: 
[Object: null 
prototype],
      _eventsCount: 
7,
      _maxListeners: 
undefined,
      outputData: [],
      outputSize: 0,
      writable: true,
      destroyed: 
false,
      _last: true,
      
chunkedEncoding: 
false,
      
shouldKeepAlive: 
true,
      maxRequestsOnCo
nnectionReached: 
false,
      
_defaultKeepAlive: 
true,
      useChunkedEncod
ingByDefault: false,
      sendDate: 
false,
      
_removedConnection: 
false,
      
_removedContLen: 
false,
      _removedTE: 
false,
      
strictContentLength: 
false,
      
_contentLength: 0,
      _hasBody: true,
      _trailer: '',
      finished: true,
      _headerSent: 
true,
      _closed: false,
      _header: 'GET 
/api/v1/all 
HTTP/1.1\r\n' +
        'Accept: 
application/json, 
text/plain, */*\r\n' 
+
        'User-Agent: 
CodeArena Contest 
Tracker\r\n' +
        
'Accept-Encoding: 
gzip, compress, 
deflate, br\r\n' +
        'Host: www.ko
ntests.net\r\n' +
        'Connection: 
keep-alive\r\n' +
        '\r\n',
      
_keepAliveTimeout: 0,
      
_onPendingData: 
[Function: nop],
      agent: [Agent],
      socketPath: 
undefined,
      method: 'GET',
      maxHeaderSize: 
undefined,
      
insecureHTTPParser: 
undefined,
      joinDuplicateHe
aders: undefined,
      path: 
'/api/v1/all',
      _ended: false,
      res: null,
      aborted: false,
      timeoutCb: 
[Function: 
emitRequestTimeout],
      
upgradeOrConnect: 
false,
      parser: null,
      
maxHeadersCount: 
null,
      reusedSocket: 
false,
      host: 
'www.kontests.net',
      protocol: 
'https:',
      _redirectable: 
[Circular *1],
      
[Symbol(shapeMode)]: 
false,
      
[Symbol(kCapture)]: 
false,
      [Symbol(kBytesW
ritten)]: 0,
      [Symbol(kNeedDr
ain)]: false,
      
[Symbol(corked)]: 0,
      [Symbol(kChunke
dBuffer)]: [],
      [Symbol(kChunke
dLength)]: 0,
      
[Symbol(kSocket)]: 
[TLSSocket],
      [Symbol(kOutHea
ders)]: [Object: 
null prototype],
      
[Symbol(errored)]: 
null,
      [Symbol(kHighWa
terMark)]: 16384,
      [Symbol(kReject
NonStandardBodyWrites
)]: false,
      [Symbol(kUnique
Headers)]: null
    },
    _currentUrl: 'htt
ps://www.kontests.net
/api/v1/all',
    _timeout: null,
    
[Symbol(shapeMode)]: 
true,
    
[Symbol(kCapture)]: 
false
  },
  cause: 
AggregateError 
[ETIMEDOUT]: 
      at internalConn
ectMultiple 
(node:net:1134:18)
      at 
afterConnectMultiple 
(node:net:1715:7) {
    code: 
'ETIMEDOUT',
    [errors]: [ 
[Error], [Error] ]
  }
}
Kontests API Error: 
{ status: undefined, 
statusText: 
undefined, data: 
undefined }
9:42:29 PM [express] GET /api/external-contests 200 in 12421ms :: [{"id":"2181","name":"2025-2026 ICΓÇª
9:48:15 PM [express] GET /api/user 401 in 3ms
9:48:15 PM [express] GET /api/user 401 in 2ms
9:48:26 PM [express] POST /api/login 200 in 130ms :: {"username":"admin","password":"3f95e6d8e55e582ΓÇª
9:48:26 PM [express] GET /api/progress 200 in 5ms :: [{"month":"Jul","contestsAttended":3,"problemsSΓÇª
9:48:26 PM [express] GET /api/stats 304 in 10ms :: {"activeContests":0,"participants":0,"problemsSolΓÇª
Error fetching from 
Kontests API: 
AxiosError 
[AggregateError]
    at 
AxiosError.from (file
:///D:/projectoff/pro
jectf1/ContestReminde
r-11-1/ContestReminde
r-11-1/node_modules/a
xios/lib/core/AxiosEr
ror.js:92:14)
    at RedirectableRe
quest.handleRequestEr
ror (file:///D:/proje
ctoff/projectf1/Conte
stReminder-11-1/Conte
stReminder-11-1/node_
modules/axios/lib/ada
pters/http.js:620:25)
    at RedirectableRe
quest.emit 
(node:events:530:35)
    at eventHandlers.
<computed> (D:\projec
toff\projectf1\Contes
tReminder-11-1\Contes
tReminder-11-1\node_m
odules\follow-redirec
ts\index.js:49:24)
    at 
ClientRequest.emit 
(node:events:518:28)
    at 
emitErrorEvent (node:
_http_client:104:11)
    at TLSSocket.sock
etErrorListener (node
:_http_client:518:5)
    at 
TLSSocket.emit 
(node:events:518:28)
    at emitErrorNT (n
ode:internal/streams/
destroy:170:8)
    at 
emitErrorCloseNT (nod
e:internal/streams/de
stroy:129:3)
    at process.proces
sTicksAndRejections (
node:internal/process
/task_queues:90:21)
    at Axios.request 
(file:///D:/projectof
f/projectf1/ContestRe
minder-11-1/ContestRe
minder-11-1/node_modu
les/axios/lib/core/Ax
ios.js:45:41)
    at process.proces
sTicksAndRejections (
node:internal/process
/task_queues:105:5)
    at async Function
.getAllContests (D:\p
rojectoff\projectf1\C
ontestReminder-11-1\C
ontestReminder-11-1\s
erver\contest-apis.ts
:70:24)
    at async 
Promise.allSettled 
(index 1)
    at async Function
.fetchAllContests (D:
\projectoff\projectf1
\ContestReminder-11-1
\ContestReminder-11-1
\server\contest-apis.
ts:127:54)
    at async 
<anonymous> (D:\proje
ctoff\projectf1\Conte
stReminder-11-1\Conte
stReminder-11-1\serve
r\routes.ts:158:20) {
  code: 'ETIMEDOUT',
  errors: [
    Error: connect 
ETIMEDOUT 64:ff9b::9a
d1:731a:443
        at createConn
ectionError 
(node:net:1678:14)
        at Timeout.in
ternalConnectMultiple
Timeout 
(node:net:1737:38)
        at 
listOnTimeout (node:i
nternal/timers:590:11
)
        at process.pr
ocessTimers (node:int
ernal/timers:523:7) {
      errno: -4039,
      code: 
'ETIMEDOUT',
      syscall: 
'connect',
      address: 
'64:ff9b::9ad1:731a',
      port: 443
    },
    Error: connect 
ECONNREFUSED 
154.209.115.26:443
        at createConn
ectionError 
(node:net:1678:14)
        at 
afterConnectMultiple 
(node:net:1708:16) {
      errno: -4078,
      code: 
'ECONNREFUSED',
      syscall: 
'connect',
      address: 
'154.209.115.26',
      port: 443
    }
  ],
  config: {
    transitional: {
      
silentJSONParsing: 
true,
      
forcedJSONParsing: 
true,
      
clarifyTimeoutError: 
false
    },
    adapter: [ 
'xhr', 'http', 
'fetch' ],
    
transformRequest: [ 
[Function: 
transformRequest] ],
    
transformResponse: [ 
[Function: 
transformResponse] ],
    timeout: 15000,
    xsrfCookieName: 
'XSRF-TOKEN',
    xsrfHeaderName: 
'X-XSRF-TOKEN',
    
maxContentLength: -1,
    maxBodyLength: 
-1,
    env: { FormData: 
[Function 
[FormData]], Blob: 
[class Blob] },
    validateStatus: 
[Function: 
validateStatus],
    headers: Object 
[AxiosHeaders] {
      Accept: 
'application/json, 
text/plain, */*',
      
'Content-Type': 
undefined,
      'User-Agent': 
'CodeArena Contest 
Tracker',
      
'Accept-Encoding': 
'gzip, compress, 
deflate, br'
    },
    method: 'get',
    url: 'https://www
.kontests.net/api/v1/
all',
    
allowAbsoluteUrls: 
true,
    data: undefined
  },
  request: <ref *1> 
Writable {
    _events: {
      close: 
undefined,
      error: 
[Function: 
handleRequestError],
      prefinish: 
undefined,
      finish: 
undefined,
      drain: 
undefined,
      response: 
[Function: 
handleResponse],
      socket: 
[Array],
      timeout: 
undefined,
      abort: 
undefined
    },
    _writableState: 
WritableState {
      highWaterMark: 
16384,
      length: 0,
      corked: 0,
      onwrite: 
[Function: bound 
onwrite],
      writelen: 0,
      bufferedIndex: 
0,
      pendingcb: 0,
      
[Symbol(kState)]: 
17580812,
      [Symbol(kBuffer
edValue)]: null
    },
    _maxListeners: 
undefined,
    _options: {
      maxRedirects: 
21,
      maxBodyLength: 
Infinity,
      protocol: 
'https:',
      path: 
'/api/v1/all',
      method: 'GET',
      headers: 
[Object: null 
prototype],
      agents: 
[Object],
      auth: 
undefined,
      family: 
undefined,
      
beforeRedirect: 
[Function: dispatchBe
foreRedirect],
      
beforeRedirects: 
[Object],
      hostname: 
'www.kontests.net',
      port: '',
      agent: 
undefined,
      
nativeProtocols: 
[Object],
      pathname: 
'/api/v1/all'
    },
    _ended: true,
    _ending: true,
    _redirectCount: 
0,
    _redirects: [],
    
_requestBodyLength: 
0,
    
_requestBodyBuffers: 
[],
    _eventsCount: 3,
    
_onNativeResponse: 
[Function 
(anonymous)],
    _currentRequest: 
ClientRequest {
      _events: 
[Object: null 
prototype],
      _eventsCount: 
7,
      _maxListeners: 
undefined,
      outputData: [],
      outputSize: 0,
      writable: true,
      destroyed: 
false,
      _last: true,
      
chunkedEncoding: 
false,
      
shouldKeepAlive: 
true,
      maxRequestsOnCo
nnectionReached: 
false,
      
_defaultKeepAlive: 
true,
      useChunkedEncod
ingByDefault: false,
      sendDate: 
false,
      
_removedConnection: 
false,
      
_removedContLen: 
false,
      _removedTE: 
false,
      
strictContentLength: 
false,
      
_contentLength: 0,
      _hasBody: true,
      _trailer: '',
      finished: true,
      _headerSent: 
true,
      _closed: false,
      _header: 'GET 
/api/v1/all 
HTTP/1.1\r\n' +
        'Accept: 
application/json, 
text/plain, */*\r\n' 
+
        'User-Agent: 
CodeArena Contest 
Tracker\r\n' +
        
'Accept-Encoding: 
gzip, compress, 
deflate, br\r\n' +
        'Host: www.ko
ntests.net\r\n' +
        'Connection: 
keep-alive\r\n' +
        '\r\n',
      
_keepAliveTimeout: 0,
      
_onPendingData: 
[Function: nop],
      agent: [Agent],
      socketPath: 
undefined,
      method: 'GET',
      maxHeaderSize: 
undefined,
      
insecureHTTPParser: 
undefined,
      joinDuplicateHe
aders: undefined,
      path: 
'/api/v1/all',
      _ended: false,
      res: null,
      aborted: false,
      timeoutCb: 
[Function: 
emitRequestTimeout],
      
upgradeOrConnect: 
false,
      parser: null,
      
maxHeadersCount: 
null,
      reusedSocket: 
false,
      host: 
'www.kontests.net',
      protocol: 
'https:',
      _redirectable: 
[Circular *1],
      
[Symbol(shapeMode)]: 
false,
      
[Symbol(kCapture)]: 
false,
      [Symbol(kBytesW
ritten)]: 0,
      [Symbol(kNeedDr
ain)]: false,
      
[Symbol(corked)]: 0,
      [Symbol(kChunke
dBuffer)]: [],
      [Symbol(kChunke
dLength)]: 0,
      
[Symbol(kSocket)]: 
[TLSSocket],
      [Symbol(kOutHea
ders)]: [Object: 
null prototype],
9:48:39 PM [express] GET /api/external-contests 200 in 12439ms :: [{"id":"2181","name":"2025-2026 ICΓÇª
      
[Symbol(errored)]: 
null,
      [Symbol(kHighWa
terMark)]: 16384,
      [Symbol(kReject
NonStandardBodyWrites
)]: false,
      [Symbol(kUnique
Headers)]: null
    },
    _currentUrl: 'htt
ps://www.kontests.net
/api/v1/all',
    _timeout: null,
    
[Symbol(shapeMode)]: 
true,
    
[Symbol(kCapture)]: 
false
  },
  cause: 
AggregateError 
[ETIMEDOUT]: 
      at internalConn
ectMultiple 
(node:net:1134:18)
      at 
afterConnectMultiple 
(node:net:1715:7) {
    code: 
'ETIMEDOUT',
    [errors]: [ 
[Error], [Error] ]
  }
}
Kontests API Error: 
{ status: undefined, 
statusText: 
undefined, data: 
undefined }
[2m9:51:21 pm[22m [36m[1m[vite][22m[39m [32mhmr update [39m[2m/src/components/profile/platform-profiles.tsx, /src/index.css?v=xKEO1lbfkJbhxrxY_0V5[22m
9:51:59 PM [express] GET /api/courses 200 in 2ms :: [{"title":"Programming Fundamentals","descriptioΓÇª
9:51:59 PM [express] GET /api/users/demo-user-123/courses/5d3edde1-812f-40f2-a03f-9961df5848ca/enrolΓÇª
9:51:59 PM [express] GET /api/users/demo-user-123/courses/cc389683-23fe-486c-b807-86a812fe116d/enrolΓÇª
9:51:59 PM [express] GET /api/users/demo-user-123/courses/7edc2a18-86a3-4de0-b1a5-018a4445df54/enrolΓÇª
9:51:59 PM [express] GET /api/users/demo-user-123/courses/8ad90d3a-ed24-4d25-9c67-efbe84e62366/enrolΓÇª
9:51:59 PM [express] GET /api/users/demo-user-123/courses/24814b33-439b-4574-832d-31b527e061d5/enrolΓÇª
9:51:59 PM [express] GET /api/users/demo-user-123/courses/cd8e9233-0b3f-4bcd-bb45-af1ade91db35/enrolΓÇª
[2m9:56:13 pm[22m [36m[1m[vite][22m[39m [32mhmr update [39m[2m/src/components/profile/platform-profiles.tsx, /src/index.css?v=xKEO1lbfkJbhxrxY_0V5[22m
[2m9:56:13 pm[22m 
[31m[1m[vite][22m[
39m [31mInternal 
server error: D:\proj
ectoff\projectf1\Cont
estReminder-11-1\Cont
estReminder-11-1\clie
nt\src\components\pro
file\platform-profile
s.tsx: Missing 
semicolon. (1:7)

[0m[31m[1m>[22m[
31m[90m 1 |[31m 
iimport [33mReact[3
1m[33m,[31m { 
useState } 
[36mfrom[31m [32m"
react"[31m[33m;[31
m
 [90m   |[31m      
  
[31m[1m^[22m[31m
 [90m 2 |[31m 
[36mimport[31m { [
33mCard[31m[33m,[3
1m [33mCardContent[
31m[33m,[31m [33mC
ardHeader[31m[33m,
[31m 
[33mCardTitle[31m 
} [36mfrom[31m [32
m"@/components/ui/car
d"[31m[33m;[31m
 [90m 3 |[31m 
[36mimport[31m { 
[33mButton[31m } 
[36mfrom[31m [32m"
@/components/ui/butto
n"[31m[33m;[31m
 [90m 4 |[31m 
[36mimport[31m { 
[33mInput[31m } 
[36mfrom[31m [32m"
@/components/ui/input
"[31m[33m;[31m[0m
[39m
  Plugin: [35mvite:r
eact-babel[39m
  File: [36mD:/proje
ctoff/projectf1/Conte
stReminder-11-1/Conte
stReminder-11-1/clien
t/src/components/prof
ile/platform-profiles
.tsx[39m:1:7
[33m  1  |  iimport 
React, { useState } 
from "react";
     |         ^
  2  |  import { 
Card, CardContent, 
CardHeader, 
CardTitle } from "@/c
omponents/ui/card";
  3  |  import { 
Button } from "@/comp
onents/ui/button";[3
9m
      at 
toParseError (D:\proj
ectoff\projectf1\Cont
estReminder-11-1\Cont
estReminder-11-1\node
_modules\@babel\parse
r\src\parse-error.ts:
95:45)
      at raise (D:\pr
ojectoff\projectf1\Co
ntestReminder-11-1\Co
ntestReminder-11-1\no
de_modules\@babel\par
ser\src\tokenizer\ind
ex.ts:1497:19)
      at semicolon (D
:\projectoff\projectf
1\ContestReminder-11-
1\ContestReminder-11-
1\node_modules\@babel
\parser\src\parser\ut
il.ts:149:10)
      at parseExpress
ionStatement (D:\proj
ectoff\projectf1\Cont
estReminder-11-1\Cont
estReminder-11-1\node
_modules\@babel\parse
r\src\parser\statemen
t.ts:1339:10)
      at parseExpress
ionStatement (D:\proj
ectoff\projectf1\Cont
estReminder-11-1\Cont
estReminder-11-1\node
_modules\@babel\parse
r\src\plugins\typescr
ipt\index.ts:3211:28)
      at parseStateme
ntContent (D:\project
off\projectf1\Contest
Reminder-11-1\Contest
Reminder-11-1\node_mo
dules\@babel\parser\s
rc\parser\statement.t
s:673:19)
      at parseStateme
ntContent (D:\project
off\projectf1\Contest
Reminder-11-1\Contest
Reminder-11-1\node_mo
dules\@babel\parser\s
rc\plugins\typescript
\index.ts:3056:20)
      at 
parseStatementLike (D
:\projectoff\projectf
1\ContestReminder-11-
1\ContestReminder-11-
1\node_modules\@babel
\parser\src\parser\st
atement.ts:437:17)
      at 
parseModuleItem (D:\p
rojectoff\projectf1\C
ontestReminder-11-1\C
ontestReminder-11-1\n
ode_modules\@babel\pa
rser\src\parser\state
ment.ts:374:17)
      at parseBlockOr
ModuleBlockBody (D:\p
rojectoff\projectf1\C
ontestReminder-11-1\C
ontestReminder-11-1\n
ode_modules\@babel\pa
rser\src\parser\state
ment.ts:1419:16)
      at 
parseBlockBody (D:\pr
ojectoff\projectf1\Co
ntestReminder-11-1\Co
ntestReminder-11-1\no
de_modules\@babel\par
ser\src\parser\statem
ent.ts:1393:10)
      at 
parseProgram (D:\proj
ectoff\projectf1\Cont
estReminder-11-1\Cont
estReminder-11-1\node
_modules\@babel\parse
r\src\parser\statemen
t.ts:225:10)
      at 
parseTopLevel (D:\pro
jectoff\projectf1\Con
testReminder-11-1\Con
testReminder-11-1\nod
e_modules\@babel\pars
er\src\parser\stateme
nt.ts:203:25)
      at parse (D:\pr
ojectoff\projectf1\Co
ntestReminder-11-1\Co
ntestReminder-11-1\no
de_modules\@babel\par
ser\src\parser\index.
ts:90:10)
      at parse (D:\pr
ojectoff\projectf1\Co
ntestReminder-11-1\Co
ntestReminder-11-1\no
de_modules\@babel\par
ser\src\plugins\types
cript\index.ts:4192:2
0)
      at parse (D:\pr
ojectoff\projectf1\Co
ntestReminder-11-1\Co
ntestReminder-11-1\no
de_modules\@babel\par
ser\src\index.ts:92:3
8)
      at parser (D:\p
rojectoff\projectf1\C
ontestReminder-11-1\C
ontestReminder-11-1\n
ode_modules\@babel\co
re\src\parser\index.t
s:28:19)
      at parser.next 
(<anonymous>)
      at 
normalizeFile (D:\pro
jectoff\projectf1\Con
testReminder-11-1\Con
testReminder-11-1\nod
e_modules\@babel\core
\src\transformation\n
ormalize-file.ts:50:2
4)
      at 
normalizeFile.next 
(<anonymous>)
      at run (D:\proj
ectoff\projectf1\Cont
estReminder-11-1\Cont
estReminder-11-1\node
_modules\@babel\core\
src\transformation\in
dex.ts:40:36)
      at run.next 
(<anonymous>)
      at transform (D
:\projectoff\projectf
1\ContestReminder-11-
1\ContestReminder-11-
1\node_modules\@babel
\core\src\transform.t
s:29:20)
      at 
transform.next 
(<anonymous>)
      at step (D:\pro
jectoff\projectf1\Con
testReminder-11-1\Con
testReminder-11-1\nod
e_modules\gensync\ind
ex.js:261:32)
      at D:\projectof
f\projectf1\ContestRe
minder-11-1\ContestRe
minder-11-1\node_modu
les\gensync\index.js:
273:13
      at async.call.r
esult.err.err (D:\pro
jectoff\projectf1\Con
testReminder-11-1\Con
testReminder-11-1\nod
e_modules\gensync\ind
ex.js:223:11)
      at D:\projectof
f\projectf1\ContestRe
minder-11-1\ContestRe
minder-11-1\node_modu
les\gensync\index.js:
189:28
      at <anonymous> 
(D:\projectoff\projec
tf1\ContestReminder-1
1-1\ContestReminder-1
1-1\node_modules\@bab
el\core\src\gensync-u
tils\async.ts:90:7)
      at D:\projectof
f\projectf1\ContestRe
minder-11-1\ContestRe
minder-11-1\node_modu
les\gensync\index.js:
113:33
      at step (D:\pro
jectoff\projectf1\Con
testReminder-11-1\Con
testReminder-11-1\nod
e_modules\gensync\ind
ex.js:287:14)
      at D:\projectof
f\projectf1\ContestRe
minder-11-1\ContestRe
minder-11-1\node_modu
les\gensync\index.js:
273:13
      at async.call.r
esult.err.err (D:\pro
jectoff\projectf1\Con
testReminder-11-1\Con
testReminder-11-1\nod
e_modules\gensync\ind
ex.js:223:11)
